<?xml version="1.0" encoding="UTF-8"?>
<!-- Generated by org.testng.reporters.JUnitReportReporter -->
<testsuite hostname="DESKTOP-L23MLR4" failures="0" tests="1" name="selenium.onewindowhandle" time="0.479" errors="0" timestamp="2022-07-11T12:21:30 IST" skipped="0">
  <testcase classname="selenium.onewindowhandle" name="f" time="0.479"/>
  <system-out/>
</testsuite> <!-- selenium.onewindowhandle -->
