<?xml version="1.0" encoding="UTF-8"?>
<!-- Generated by org.testng.reporters.JUnitReportReporter -->
<testsuite hostname="DESKTOP-L23MLR4" failures="0" tests="1" name="selenium.WindowHandling" time="6.760" errors="0" timestamp="2022-07-14T12:36:01 IST" skipped="0">
  <testcase classname="selenium.WindowHandling" name="f" time="6.760"/>
  <system-out/>
</testsuite> <!-- selenium.WindowHandling -->
