<?xml version="1.0" encoding="UTF-8"?>
<!-- Generated by org.testng.reporters.JUnitReportReporter -->
<testsuite hostname="DESKTOP-591F10Q" failures="0" tests="4" name="selenium.NewTest" time="1.310" errors="0" timestamp="2022-06-21T12:20:55 IST" skipped="0">
  <testcase classname="selenium.NewTest" name="login" time="0.362"/>
  <system-out/>
  <testcase classname="selenium.NewTest" name="Dropdown" time="0.287"/>
  <system-out/>
  <testcase classname="selenium.NewTest" name="cart" time="0.219"/>
  <system-out/>
  <testcase classname="selenium.NewTest" name="checkout" time="0.442"/>
  <system-out/>
</testsuite> <!-- selenium.NewTest -->
