<?xml version="1.0" encoding="UTF-8"?>
<!-- Generated by org.testng.reporters.JUnitReportReporter -->
<testsuite hostname="DESKTOP-591F10Q" failures="0" tests="2" name="selenium.Alerts" time="2.024" errors="0" timestamp="2022-06-22T16:37:04 IST" skipped="0">
  <testcase classname="selenium.Alerts" name="alerts" time="0.009"/>
  <system-out/>
  <testcase classname="selenium.Alerts" name="AlertswindowHandling" time="2.015"/>
  <system-out/>
</testsuite> <!-- selenium.Alerts -->
