<?xml version="1.0" encoding="UTF-8"?>
<!-- Generated by org.testng.reporters.JUnitReportReporter -->
<testsuite hostname="DESKTOP-591F10Q" failures="0" tests="2" name="selenium.Screenshot" time="1.381" errors="0" timestamp="2022-06-21T15:11:14 IST" skipped="0">
  <testcase classname="selenium.Screenshot" name="Login" time="0.989"/>
  <system-out/>
  <testcase classname="selenium.Screenshot" name="screenshot" time="0.392"/>
  <system-out/>
</testsuite> <!-- selenium.Screenshot -->
